d:\studia\fotorealistyczna\fotorealistyczna\raytracer\x64\debug\raytracer.pch
d:\studia\fotorealistyczna\fotorealistyczna\raytracer\x64\debug\vc140.pdb
d:\studia\fotorealistyczna\fotorealistyczna\raytracer\x64\debug\vc140.idb
d:\studia\fotorealistyczna\fotorealistyczna\raytracer\x64\debug\stdafx.obj
d:\studia\fotorealistyczna\fotorealistyczna\raytracer\x64\debug\bmp.obj
d:\studia\fotorealistyczna\fotorealistyczna\raytracer\x64\debug\camera.obj
d:\studia\fotorealistyczna\fotorealistyczna\raytracer\x64\debug\color.obj
d:\studia\fotorealistyczna\fotorealistyczna\raytracer\x64\debug\image.obj
d:\studia\fotorealistyczna\fotorealistyczna\raytracer\x64\debug\material.obj
d:\studia\fotorealistyczna\fotorealistyczna\raytracer\x64\debug\orthogonalcamera.obj
d:\studia\fotorealistyczna\fotorealistyczna\raytracer\x64\debug\perspectivecamera.obj
d:\studia\fotorealistyczna\fotorealistyczna\raytracer\x64\debug\plane.obj
d:\studia\fotorealistyczna\fotorealistyczna\raytracer\x64\debug\primitive.obj
d:\studia\fotorealistyczna\fotorealistyczna\raytracer\x64\debug\ray.obj
d:\studia\fotorealistyczna\fotorealistyczna\raytracer\x64\debug\sceneobject.obj
d:\studia\fotorealistyczna\fotorealistyczna\raytracer\x64\debug\sphere.obj
d:\studia\fotorealistyczna\fotorealistyczna\raytracer\x64\debug\vector2.obj
d:\studia\fotorealistyczna\fotorealistyczna\raytracer\x64\debug\raytracer.obj
d:\studia\fotorealistyczna\fotorealistyczna\raytracer\x64\debug\vector3.obj
d:\studia\fotorealistyczna\fotorealistyczna\x64\debug\raytracer.pdb
d:\studia\fotorealistyczna\fotorealistyczna\raytracer\x64\debug\raytracer.tlog\cl.command.1.tlog
d:\studia\fotorealistyczna\fotorealistyczna\raytracer\x64\debug\raytracer.tlog\cl.read.1.tlog
d:\studia\fotorealistyczna\fotorealistyczna\raytracer\x64\debug\raytracer.tlog\cl.write.1.tlog
d:\studia\fotorealistyczna\fotorealistyczna\raytracer\x64\debug\raytracer.tlog\link.command.1.tlog
d:\studia\fotorealistyczna\fotorealistyczna\raytracer\x64\debug\raytracer.tlog\link.read.1.tlog
d:\studia\fotorealistyczna\fotorealistyczna\raytracer\x64\debug\raytracer.tlog\link.write.1.tlog
